{"@timestamp":"2025-09-04T20:43:36.9583671+07:00","@version":"1","message":"Starting InstarApplication using Java 21.0.7 with PID 10676 (D:\\Project\\Instar\\backend\\target\\classes started by lango in D:\\Project\\Instar\\backend)","logger_name":"com.instar.InstarApplication","thread_name":"restartedMain","level":"INFO","level_value":20000}
{"@timestamp":"2025-09-04T20:43:36.9683729+07:00","@version":"1","message":"No active profile set, falling back to 1 default profile: \"default\"","logger_name":"com.instar.InstarApplication","thread_name":"restartedMain","level":"INFO","level_value":20000}
{"@timestamp":"2025-09-04T20:43:37.0229582+07:00","@version":"1","message":"Devtools property defaults active! Set 'spring.devtools.add-properties' to 'false' to disable","logger_name":"org.springframework.boot.devtools.env.DevToolsPropertyDefaultsPostProcessor","thread_name":"restartedMain","level":"INFO","level_value":20000}
{"@timestamp":"2025-09-04T20:43:37.0229582+07:00","@version":"1","message":"For additional web related logging consider setting the 'logging.level.web' property to 'DEBUG'","logger_name":"org.springframework.boot.devtools.env.DevToolsPropertyDefaultsPostProcessor","thread_name":"restartedMain","level":"INFO","level_value":20000}
{"@timestamp":"2025-09-04T20:43:38.0050143+07:00","@version":"1","message":"Multiple Spring Data modules found, entering strict repository configuration mode","logger_name":"org.springframework.data.repository.config.RepositoryConfigurationDelegate","thread_name":"restartedMain","level":"INFO","level_value":20000}
{"@timestamp":"2025-09-04T20:43:38.0065163+07:00","@version":"1","message":"Bootstrapping Spring Data JPA repositories in DEFAULT mode.","logger_name":"org.springframework.data.repository.config.RepositoryConfigurationDelegate","thread_name":"restartedMain","level":"INFO","level_value":20000}
{"@timestamp":"2025-09-04T20:43:38.2299828+07:00","@version":"1","message":"Finished Spring Data repository scanning in 212 ms. Found 9 JPA repository interfaces.","logger_name":"org.springframework.data.repository.config.RepositoryConfigurationDelegate","thread_name":"restartedMain","level":"INFO","level_value":20000}
{"@timestamp":"2025-09-04T20:43:39.0545417+07:00","@version":"1","message":"Tomcat initialized with port 8080 (http)","logger_name":"org.springframework.boot.web.embedded.tomcat.TomcatWebServer","thread_name":"restartedMain","level":"INFO","level_value":20000}
{"@timestamp":"2025-09-04T20:43:39.0655457+07:00","@version":"1","message":"Starting service [Tomcat]","logger_name":"org.apache.catalina.core.StandardService","thread_name":"restartedMain","level":"INFO","level_value":20000}
{"@timestamp":"2025-09-04T20:43:39.0655457+07:00","@version":"1","message":"Starting Servlet engine: [Apache Tomcat/10.1.30]","logger_name":"org.apache.catalina.core.StandardEngine","thread_name":"restartedMain","level":"INFO","level_value":20000}
{"@timestamp":"2025-09-04T20:43:39.1154264+07:00","@version":"1","message":"Initializing Spring embedded WebApplicationContext","logger_name":"org.apache.catalina.core.ContainerBase.[Tomcat].[localhost].[/]","thread_name":"restartedMain","level":"INFO","level_value":20000}
{"@timestamp":"2025-09-04T20:43:39.1154264+07:00","@version":"1","message":"Root WebApplicationContext: initialization completed in 2093 ms","logger_name":"org.springframework.boot.web.servlet.context.ServletWebServerApplicationContext","thread_name":"restartedMain","level":"INFO","level_value":20000}
{"@timestamp":"2025-09-04T20:43:39.6170168+07:00","@version":"1","message":"HikariPool-1 - Starting...","logger_name":"com.zaxxer.hikari.HikariDataSource","thread_name":"restartedMain","level":"INFO","level_value":20000}
{"@timestamp":"2025-09-04T20:43:40.1689051+07:00","@version":"1","message":"HikariPool-1 - Added connection ConnectionID:1 ClientConnectionId: 49670136-74e4-4a2b-a8d4-87d962af3b4b","logger_name":"com.zaxxer.hikari.pool.HikariPool","thread_name":"restartedMain","level":"INFO","level_value":20000}
{"@timestamp":"2025-09-04T20:43:40.1719057+07:00","@version":"1","message":"HikariPool-1 - Start completed.","logger_name":"com.zaxxer.hikari.HikariDataSource","thread_name":"restartedMain","level":"INFO","level_value":20000}
{"@timestamp":"2025-09-04T20:43:40.6807721+07:00","@version":"1","message":"Successfully validated 1 migration (execution time 00:00.063s)","logger_name":"org.flywaydb.core.internal.command.DbValidate","thread_name":"restartedMain","level":"INFO","level_value":20000}
{"@timestamp":"2025-09-04T20:43:40.7469286+07:00","@version":"1","message":"Current version of schema [dbo]: 1","logger_name":"org.flywaydb.core.internal.command.DbMigrate","thread_name":"restartedMain","level":"INFO","level_value":20000}
{"@timestamp":"2025-09-04T20:43:40.7595703+07:00","@version":"1","message":"Schema [dbo] is up to date. No migration necessary.","logger_name":"org.flywaydb.core.internal.command.DbMigrate","thread_name":"restartedMain","level":"INFO","level_value":20000}
{"@timestamp":"2025-09-04T20:43:40.8535512+07:00","@version":"1","message":"Executing SQL callback: afterMigrate - ","logger_name":"org.flywaydb.core.internal.callback.SqlScriptCallbackFactory","thread_name":"restartedMain","level":"INFO","level_value":20000}
{"@timestamp":"2025-09-04T20:43:41.647279+07:00","@version":"1","message":"No LoadTimeWeaver setup: ignoring JPA class transformer","logger_name":"org.springframework.orm.jpa.persistenceunit.SpringPersistenceUnitInfo","thread_name":"restartedMain","level":"INFO","level_value":20000}
{"@timestamp":"2025-09-04T20:43:43.7857562+07:00","@version":"1","message":"Initialized JPA EntityManagerFactory for persistence unit 'default'","logger_name":"org.springframework.orm.jpa.LocalContainerEntityManagerFactoryBean","thread_name":"restartedMain","level":"INFO","level_value":20000}
{"@timestamp":"2025-09-04T20:43:45.1821469+07:00","@version":"1","message":"Hibernate is in classpath; If applicable, HQL parser will be used.","logger_name":"org.springframework.data.jpa.repository.query.QueryEnhancerFactory","thread_name":"restartedMain","level":"INFO","level_value":20000}
{"@timestamp":"2025-09-04T20:43:48.0835439+07:00","@version":"1","message":"LiveReload server is running on port 35729","logger_name":"org.springframework.boot.devtools.autoconfigure.OptionalLiveReloadServer","thread_name":"restartedMain","level":"INFO","level_value":20000}
{"@timestamp":"2025-09-04T20:43:48.1677825+07:00","@version":"1","message":"Tomcat started on port 8080 (http) with context path '/'","logger_name":"org.springframework.boot.web.embedded.tomcat.TomcatWebServer","thread_name":"restartedMain","level":"INFO","level_value":20000}
{"@timestamp":"2025-09-04T20:43:48.170768+07:00","@version":"1","message":"Starting...","logger_name":"org.springframework.messaging.simp.broker.SimpleBrokerMessageHandler","thread_name":"restartedMain","level":"INFO","level_value":20000}
{"@timestamp":"2025-09-04T20:43:48.1717655+07:00","@version":"1","message":"BrokerAvailabilityEvent[available=true, SimpleBrokerMessageHandler [org.springframework.messaging.simp.broker.DefaultSubscriptionRegistry@6affbf93]]","logger_name":"org.springframework.messaging.simp.broker.SimpleBrokerMessageHandler","thread_name":"restartedMain","level":"INFO","level_value":20000}
{"@timestamp":"2025-09-04T20:43:48.1727701+07:00","@version":"1","message":"Started.","logger_name":"org.springframework.messaging.simp.broker.SimpleBrokerMessageHandler","thread_name":"restartedMain","level":"INFO","level_value":20000}
{"@timestamp":"2025-09-04T20:43:48.1816955+07:00","@version":"1","message":"Started InstarApplication in 11.597 seconds (process running for 13.038)","logger_name":"com.instar.InstarApplication","thread_name":"restartedMain","level":"INFO","level_value":20000}
{"@timestamp":"2025-09-04T20:43:49.1207316+07:00","@version":"1","message":"Initializing Spring DispatcherServlet 'dispatcherServlet'","logger_name":"org.apache.catalina.core.ContainerBase.[Tomcat].[localhost].[/]","thread_name":"http-nio-0.0.0.0-8080-exec-1","level":"INFO","level_value":20000}
{"@timestamp":"2025-09-04T20:44:17.7619003+07:00","@version":"1","message":"Stopping...","logger_name":"org.springframework.messaging.simp.broker.SimpleBrokerMessageHandler","thread_name":"SpringApplicationShutdownHook","level":"INFO","level_value":20000}
{"@timestamp":"2025-09-04T20:44:17.7619003+07:00","@version":"1","message":"BrokerAvailabilityEvent[available=false, SimpleBrokerMessageHandler [org.springframework.messaging.simp.broker.DefaultSubscriptionRegistry@6affbf93]]","logger_name":"org.springframework.messaging.simp.broker.SimpleBrokerMessageHandler","thread_name":"SpringApplicationShutdownHook","level":"INFO","level_value":20000}
{"@timestamp":"2025-09-04T20:44:17.7619003+07:00","@version":"1","message":"Stopped.","logger_name":"org.springframework.messaging.simp.broker.SimpleBrokerMessageHandler","thread_name":"SpringApplicationShutdownHook","level":"INFO","level_value":20000}
{"@timestamp":"2025-09-04T20:44:17.9213386+07:00","@version":"1","message":"Closing JPA EntityManagerFactory for persistence unit 'default'","logger_name":"org.springframework.orm.jpa.LocalContainerEntityManagerFactoryBean","thread_name":"SpringApplicationShutdownHook","level":"INFO","level_value":20000}
{"@timestamp":"2025-09-04T20:44:17.9213386+07:00","@version":"1","message":"HikariPool-1 - Shutdown initiated...","logger_name":"com.zaxxer.hikari.HikariDataSource","thread_name":"SpringApplicationShutdownHook","level":"INFO","level_value":20000}
{"@timestamp":"2025-09-04T20:44:17.9365191+07:00","@version":"1","message":"HikariPool-1 - Shutdown completed.","logger_name":"com.zaxxer.hikari.HikariDataSource","thread_name":"SpringApplicationShutdownHook","level":"INFO","level_value":20000}
